2021-09-15 06:59:48 INFO  StatsInterceptor:25 - [preHandle][SecurityContextHolderAwareRequestWrapper[ org.springframework.security.web.header.HeaderWriterFilter$HeaderWriterRequest@30eaf12d]][GET][/login]
2021-09-15 06:59:48 INFO  StatsInterceptor:25 - [preHandle][SecurityContextHolderAwareRequestWrapper[ org.springframework.security.web.header.HeaderWriterFilter$HeaderWriterRequest@4085c811]][GET][/js/jquery-3.3.1.min.js]
2021-09-15 06:59:48 INFO  StatsInterceptor:25 - [preHandle][SecurityContextHolderAwareRequestWrapper[ org.springframework.security.web.header.HeaderWriterFilter$HeaderWriterRequest@63de3595]][GET][/js/bootstrap.min.js]
2021-09-15 06:59:48 INFO  StatsInterceptor:25 - [preHandle][SecurityContextHolderAwareRequestWrapper[ org.springframework.security.web.header.HeaderWriterFilter$HeaderWriterRequest@2a6ea122]][GET][/css/bootstrap.min.css]
2021-09-15 06:59:48 INFO  StatsInterceptor:25 - [preHandle][SecurityContextHolderAwareRequestWrapper[ org.springframework.security.web.header.HeaderWriterFilter$HeaderWriterRequest@cc3e296]][GET][/css/style.css]
2021-09-15 06:59:48 INFO  StatsInterceptor:25 - [preHandle][SecurityContextHolderAwareRequestWrapper[ org.springframework.security.web.header.HeaderWriterFilter$HeaderWriterRequest@180efaf6]][GET][/js/script.js]
2021-09-15 06:59:48 INFO  StatsInterceptor:25 - [preHandle][SecurityContextHolderAwareRequestWrapper[ org.springframework.security.web.header.HeaderWriterFilter$HeaderWriterRequest@bd9c095]][GET][/css/reset.css]
2021-09-15 06:59:48 INFO  StatsInterceptor:25 - [preHandle][SecurityContextHolderAwareRequestWrapper[ org.springframework.security.web.header.HeaderWriterFilter$HeaderWriterRequest@5c0d05a9]][GET][/favicon.ico]
2021-09-15 06:59:48 INFO  StatsInterceptor:25 - [preHandle][SecurityContextHolderAwareRequestWrapper[ org.springframework.security.web.context.HttpSessionSecurityContextRepository$SaveToSessionRequestWrapper@44803a3f]][GET][/error]
2021-09-15 06:59:58 INFO  StatsInterceptor:25 - [preHandle][org.springframework.security.web.header.HeaderWriterFilter$HeaderWriterRequest@794f045][POST][/home]
2021-09-15 06:59:58 INFO  StatsInterceptor:25 - [preHandle][SecurityContextHolderAwareRequestWrapper[ org.springframework.security.web.header.HeaderWriterFilter$HeaderWriterRequest@2c7a519a]][GET][/home]
2021-09-15 06:59:59 INFO  StatsInterceptor:25 - [preHandle][SecurityContextHolderAwareRequestWrapper[ org.springframework.security.web.header.HeaderWriterFilter$HeaderWriterRequest@338c2b9e]][GET][/css/reset.css]
2021-09-15 06:59:59 INFO  StatsInterceptor:25 - [preHandle][SecurityContextHolderAwareRequestWrapper[ org.springframework.security.web.header.HeaderWriterFilter$HeaderWriterRequest@63b1a154]][GET][/css/bootstrap.min.css]
2021-09-15 06:59:59 INFO  StatsInterceptor:25 - [preHandle][SecurityContextHolderAwareRequestWrapper[ org.springframework.security.web.header.HeaderWriterFilter$HeaderWriterRequest@2c24cda5]][GET][/js/bootstrap.min.js]
2021-09-15 06:59:59 INFO  StatsInterceptor:25 - [preHandle][SecurityContextHolderAwareRequestWrapper[ org.springframework.security.web.header.HeaderWriterFilter$HeaderWriterRequest@63825eb3]][GET][/css/style.css]
2021-09-15 06:59:59 INFO  StatsInterceptor:25 - [preHandle][SecurityContextHolderAwareRequestWrapper[ org.springframework.security.web.header.HeaderWriterFilter$HeaderWriterRequest@2096ca52]][GET][/js/jquery-3.3.1.min.js]
2021-09-15 06:59:59 INFO  StatsInterceptor:25 - [preHandle][SecurityContextHolderAwareRequestWrapper[ org.springframework.security.web.header.HeaderWriterFilter$HeaderWriterRequest@4f33f748]][GET][/js/script.js]
2021-09-15 07:00:04 INFO  StatsInterceptor:25 - [preHandle][SecurityContextHolderAwareRequestWrapper[ org.springframework.security.web.header.HeaderWriterFilter$HeaderWriterRequest@6d511eec]][GET][/items/all/pageable]
2021-09-15 07:00:04 INFO  StatsInterceptor:25 - [preHandle][SecurityContextHolderAwareRequestWrapper[ org.springframework.security.web.header.HeaderWriterFilter$HeaderWriterRequest@1c6d3968]][GET][/css/reset.css]
2021-09-15 07:00:04 INFO  StatsInterceptor:25 - [preHandle][SecurityContextHolderAwareRequestWrapper[ org.springframework.security.web.header.HeaderWriterFilter$HeaderWriterRequest@45e5f5b5]][GET][/js/jquery-3.3.1.min.js]
2021-09-15 07:00:04 INFO  StatsInterceptor:25 - [preHandle][SecurityContextHolderAwareRequestWrapper[ org.springframework.security.web.header.HeaderWriterFilter$HeaderWriterRequest@362fb62d]][GET][/css/style.css]
2021-09-15 07:00:04 INFO  StatsInterceptor:25 - [preHandle][SecurityContextHolderAwareRequestWrapper[ org.springframework.security.web.header.HeaderWriterFilter$HeaderWriterRequest@44796b89]][GET][/css/bootstrap.min.css]
2021-09-15 07:00:04 INFO  StatsInterceptor:25 - [preHandle][SecurityContextHolderAwareRequestWrapper[ org.springframework.security.web.header.HeaderWriterFilter$HeaderWriterRequest@462c74d]][GET][/js/bootstrap.min.js]
2021-09-15 07:00:04 INFO  StatsInterceptor:25 - [preHandle][SecurityContextHolderAwareRequestWrapper[ org.springframework.security.web.header.HeaderWriterFilter$HeaderWriterRequest@1dc22258]][GET][/js/script.js]
2021-09-15 07:00:06 INFO  StatsInterceptor:25 - [preHandle][SecurityContextHolderAwareRequestWrapper[ org.springframework.security.web.header.HeaderWriterFilter$HeaderWriterRequest@2a805a61]][GET][/items/add]
2021-09-15 07:00:06 INFO  StatsInterceptor:25 - [preHandle][SecurityContextHolderAwareRequestWrapper[ org.springframework.security.web.header.HeaderWriterFilter$HeaderWriterRequest@15f36d85]][GET][/css/reset.css]
2021-09-15 07:00:06 INFO  StatsInterceptor:25 - [preHandle][SecurityContextHolderAwareRequestWrapper[ org.springframework.security.web.header.HeaderWriterFilter$HeaderWriterRequest@1d43f870]][GET][/css/bootstrap.min.css]
2021-09-15 07:00:06 INFO  StatsInterceptor:25 - [preHandle][SecurityContextHolderAwareRequestWrapper[ org.springframework.security.web.header.HeaderWriterFilter$HeaderWriterRequest@50a56683]][GET][/js/jquery-3.3.1.min.js]
2021-09-15 07:00:06 INFO  StatsInterceptor:25 - [preHandle][SecurityContextHolderAwareRequestWrapper[ org.springframework.security.web.header.HeaderWriterFilter$HeaderWriterRequest@79c57599]][GET][/css/style.css]
2021-09-15 07:00:06 INFO  StatsInterceptor:25 - [preHandle][SecurityContextHolderAwareRequestWrapper[ org.springframework.security.web.header.HeaderWriterFilter$HeaderWriterRequest@27773dc9]][GET][/js/bootstrap.min.js]
2021-09-15 07:00:06 INFO  StatsInterceptor:25 - [preHandle][SecurityContextHolderAwareRequestWrapper[ org.springframework.security.web.header.HeaderWriterFilter$HeaderWriterRequest@2a94e9a1]][GET][/js/script.js]
2021-09-15 07:00:52 INFO  StatsInterceptor:25 - [preHandle][org.springframework.web.multipart.support.StandardMultipartHttpServletRequest@4957ca14][POST][/items/add]
2021-09-15 07:00:53 INFO  StatsInterceptor:25 - [preHandle][SecurityContextHolderAwareRequestWrapper[ org.springframework.security.web.header.HeaderWriterFilter$HeaderWriterRequest@1d379d7e]][GET][/items/all/pageable]
2021-09-15 07:00:53 INFO  StatsInterceptor:25 - [preHandle][SecurityContextHolderAwareRequestWrapper[ org.springframework.security.web.header.HeaderWriterFilter$HeaderWriterRequest@4c0b32ea]][GET][/css/reset.css]
2021-09-15 07:00:53 INFO  StatsInterceptor:25 - [preHandle][SecurityContextHolderAwareRequestWrapper[ org.springframework.security.web.header.HeaderWriterFilter$HeaderWriterRequest@16903807]][GET][/css/bootstrap.min.css]
2021-09-15 07:00:53 INFO  StatsInterceptor:25 - [preHandle][SecurityContextHolderAwareRequestWrapper[ org.springframework.security.web.header.HeaderWriterFilter$HeaderWriterRequest@2c622917]][GET][/css/style.css]
2021-09-15 07:00:53 INFO  StatsInterceptor:25 - [preHandle][SecurityContextHolderAwareRequestWrapper[ org.springframework.security.web.header.HeaderWriterFilter$HeaderWriterRequest@c8ca4c2]][GET][/js/jquery-3.3.1.min.js]
2021-09-15 07:00:53 INFO  StatsInterceptor:25 - [preHandle][SecurityContextHolderAwareRequestWrapper[ org.springframework.security.web.header.HeaderWriterFilter$HeaderWriterRequest@4672e772]][GET][/js/bootstrap.min.js]
2021-09-15 07:00:53 INFO  StatsInterceptor:25 - [preHandle][SecurityContextHolderAwareRequestWrapper[ org.springframework.security.web.header.HeaderWriterFilter$HeaderWriterRequest@306c1045]][GET][/js/script.js]
2021-09-15 07:01:11 INFO  StatsInterceptor:25 - [preHandle][SecurityContextHolderAwareRequestWrapper[ org.springframework.security.web.header.HeaderWriterFilter$HeaderWriterRequest@7333f23d]][GET][/customers/all/newOrder]
2021-09-15 07:01:11 INFO  StatsInterceptor:25 - [preHandle][SecurityContextHolderAwareRequestWrapper[ org.springframework.security.web.header.HeaderWriterFilter$HeaderWriterRequest@6f338d04]][GET][/css/bootstrap.min.css]
2021-09-15 07:01:11 INFO  StatsInterceptor:25 - [preHandle][SecurityContextHolderAwareRequestWrapper[ org.springframework.security.web.header.HeaderWriterFilter$HeaderWriterRequest@1f91f83e]][GET][/css/reset.css]
2021-09-15 07:01:11 INFO  StatsInterceptor:25 - [preHandle][SecurityContextHolderAwareRequestWrapper[ org.springframework.security.web.header.HeaderWriterFilter$HeaderWriterRequest@5fb501ea]][GET][/js/jquery-3.3.1.min.js]
2021-09-15 07:01:11 INFO  StatsInterceptor:25 - [preHandle][SecurityContextHolderAwareRequestWrapper[ org.springframework.security.web.header.HeaderWriterFilter$HeaderWriterRequest@6e68eb7c]][GET][/css/style.css]
2021-09-15 07:01:11 INFO  StatsInterceptor:25 - [preHandle][SecurityContextHolderAwareRequestWrapper[ org.springframework.security.web.header.HeaderWriterFilter$HeaderWriterRequest@2cad935b]][GET][/js/bootstrap.min.js]
2021-09-15 07:01:11 INFO  StatsInterceptor:25 - [preHandle][SecurityContextHolderAwareRequestWrapper[ org.springframework.security.web.header.HeaderWriterFilter$HeaderWriterRequest@15691c7]][GET][/js/script.js]
2021-09-15 07:01:13 INFO  StatsInterceptor:25 - [preHandle][SecurityContextHolderAwareRequestWrapper[ org.springframework.security.web.header.HeaderWriterFilter$HeaderWriterRequest@585f2612]][GET][/orders/open/]
2021-09-15 07:01:13 INFO  StatsInterceptor:25 - [preHandle][SecurityContextHolderAwareRequestWrapper[ org.springframework.security.web.header.HeaderWriterFilter$HeaderWriterRequest@38ecb9d6]][GET][/css/reset.css]
2021-09-15 07:01:13 INFO  StatsInterceptor:25 - [preHandle][SecurityContextHolderAwareRequestWrapper[ org.springframework.security.web.header.HeaderWriterFilter$HeaderWriterRequest@7e56e622]][GET][/css/style.css]
2021-09-15 07:01:13 INFO  StatsInterceptor:25 - [preHandle][SecurityContextHolderAwareRequestWrapper[ org.springframework.security.web.header.HeaderWriterFilter$HeaderWriterRequest@48450a40]][GET][/js/bootstrap.min.js]
2021-09-15 07:01:13 INFO  StatsInterceptor:25 - [preHandle][SecurityContextHolderAwareRequestWrapper[ org.springframework.security.web.header.HeaderWriterFilter$HeaderWriterRequest@2970a308]][GET][/css/bootstrap.min.css]
2021-09-15 07:01:13 INFO  StatsInterceptor:25 - [preHandle][SecurityContextHolderAwareRequestWrapper[ org.springframework.security.web.header.HeaderWriterFilter$HeaderWriterRequest@5c11e8e3]][GET][/js/jquery-3.3.1.min.js]
2021-09-15 07:01:13 INFO  StatsInterceptor:25 - [preHandle][SecurityContextHolderAwareRequestWrapper[ org.springframework.security.web.header.HeaderWriterFilter$HeaderWriterRequest@70c6e5cb]][GET][/js/script.js]
2021-09-15 07:01:14 INFO  StatsInterceptor:25 - [preHandle][SecurityContextHolderAwareRequestWrapper[ org.springframework.security.web.header.HeaderWriterFilter$HeaderWriterRequest@16235e0f]][GET][/items/all/pageable/orderAddItem]
2021-09-15 07:01:14 INFO  StatsInterceptor:25 - [preHandle][SecurityContextHolderAwareRequestWrapper[ org.springframework.security.web.header.HeaderWriterFilter$HeaderWriterRequest@7ef241c6]][GET][/css/reset.css]
2021-09-15 07:01:14 INFO  StatsInterceptor:25 - [preHandle][SecurityContextHolderAwareRequestWrapper[ org.springframework.security.web.header.HeaderWriterFilter$HeaderWriterRequest@30b4fac1]][GET][/css/style.css]
2021-09-15 07:01:14 INFO  StatsInterceptor:25 - [preHandle][SecurityContextHolderAwareRequestWrapper[ org.springframework.security.web.header.HeaderWriterFilter$HeaderWriterRequest@4c183922]][GET][/css/bootstrap.min.css]
2021-09-15 07:01:14 INFO  StatsInterceptor:25 - [preHandle][SecurityContextHolderAwareRequestWrapper[ org.springframework.security.web.header.HeaderWriterFilter$HeaderWriterRequest@25b29340]][GET][/js/script.js]
2021-09-15 07:01:14 INFO  StatsInterceptor:25 - [preHandle][SecurityContextHolderAwareRequestWrapper[ org.springframework.security.web.header.HeaderWriterFilter$HeaderWriterRequest@45322ab3]][GET][/js/bootstrap.min.js]
2021-09-15 07:01:14 INFO  StatsInterceptor:25 - [preHandle][SecurityContextHolderAwareRequestWrapper[ org.springframework.security.web.header.HeaderWriterFilter$HeaderWriterRequest@539fd79f]][GET][/js/jquery-3.3.1.min.js]
2021-09-15 07:01:17 INFO  StatsInterceptor:25 - [preHandle][SecurityContextHolderAwareRequestWrapper[ org.springframework.security.web.header.HeaderWriterFilter$HeaderWriterRequest@73129bc8]][GET][/orders/addItem/]
2021-09-15 07:01:17 INFO  StatsInterceptor:25 - [preHandle][SecurityContextHolderAwareRequestWrapper[ org.springframework.security.web.header.HeaderWriterFilter$HeaderWriterRequest@192cb4bb]][GET][/css/reset.css]
2021-09-15 07:01:17 INFO  StatsInterceptor:25 - [preHandle][SecurityContextHolderAwareRequestWrapper[ org.springframework.security.web.header.HeaderWriterFilter$HeaderWriterRequest@781c759f]][GET][/css/bootstrap.min.css]
2021-09-15 07:01:17 INFO  StatsInterceptor:25 - [preHandle][SecurityContextHolderAwareRequestWrapper[ org.springframework.security.web.header.HeaderWriterFilter$HeaderWriterRequest@1ba7dc0d]][GET][/css/style.css]
2021-09-15 07:01:17 INFO  StatsInterceptor:25 - [preHandle][SecurityContextHolderAwareRequestWrapper[ org.springframework.security.web.header.HeaderWriterFilter$HeaderWriterRequest@7f48495d]][GET][/js/bootstrap.min.js]
2021-09-15 07:01:17 INFO  StatsInterceptor:25 - [preHandle][SecurityContextHolderAwareRequestWrapper[ org.springframework.security.web.header.HeaderWriterFilter$HeaderWriterRequest@ede49bf]][GET][/js/script.js]
2021-09-15 07:01:17 INFO  StatsInterceptor:25 - [preHandle][SecurityContextHolderAwareRequestWrapper[ org.springframework.security.web.header.HeaderWriterFilter$HeaderWriterRequest@3a3edb62]][GET][/js/jquery-3.3.1.min.js]
2021-09-15 07:01:35 INFO  StatsInterceptor:25 - [preHandle][SecurityContextHolderAwareRequestWrapper[ org.springframework.security.web.header.HeaderWriterFilter$HeaderWriterRequest@6bff22f6]][GET][/orders/addItem/cancel]
2021-09-15 07:01:35 INFO  StatsInterceptor:25 - [preHandle][SecurityContextHolderAwareRequestWrapper[ org.springframework.security.web.header.HeaderWriterFilter$HeaderWriterRequest@24a56227]][GET][/css/reset.css]
2021-09-15 07:01:35 INFO  StatsInterceptor:25 - [preHandle][SecurityContextHolderAwareRequestWrapper[ org.springframework.security.web.header.HeaderWriterFilter$HeaderWriterRequest@5f6394f8]][GET][/css/bootstrap.min.css]
2021-09-15 07:01:35 INFO  StatsInterceptor:25 - [preHandle][SecurityContextHolderAwareRequestWrapper[ org.springframework.security.web.header.HeaderWriterFilter$HeaderWriterRequest@67125f50]][GET][/js/jquery-3.3.1.min.js]
2021-09-15 07:01:35 INFO  StatsInterceptor:25 - [preHandle][SecurityContextHolderAwareRequestWrapper[ org.springframework.security.web.header.HeaderWriterFilter$HeaderWriterRequest@14817360]][GET][/js/script.js]
2021-09-15 07:01:35 INFO  StatsInterceptor:25 - [preHandle][SecurityContextHolderAwareRequestWrapper[ org.springframework.security.web.header.HeaderWriterFilter$HeaderWriterRequest@7c397c89]][GET][/css/style.css]
2021-09-15 07:01:35 INFO  StatsInterceptor:25 - [preHandle][SecurityContextHolderAwareRequestWrapper[ org.springframework.security.web.header.HeaderWriterFilter$HeaderWriterRequest@35c70edc]][GET][/js/bootstrap.min.js]
2021-09-15 07:01:36 INFO  StatsInterceptor:25 - [preHandle][SecurityContextHolderAwareRequestWrapper[ org.springframework.security.web.header.HeaderWriterFilter$HeaderWriterRequest@6e5638fa]][GET][/orders/cancel]
2021-09-15 07:01:36 INFO  StatsInterceptor:25 - [preHandle][SecurityContextHolderAwareRequestWrapper[ org.springframework.security.web.header.HeaderWriterFilter$HeaderWriterRequest@4b8dde2d]][GET][/orders/all/pageable]
2021-09-15 07:01:36 INFO  StatsInterceptor:25 - [preHandle][SecurityContextHolderAwareRequestWrapper[ org.springframework.security.web.header.HeaderWriterFilter$HeaderWriterRequest@62dd9834]][GET][/css/reset.css]
2021-09-15 07:01:36 INFO  StatsInterceptor:25 - [preHandle][SecurityContextHolderAwareRequestWrapper[ org.springframework.security.web.header.HeaderWriterFilter$HeaderWriterRequest@7458f3fb]][GET][/css/bootstrap.min.css]
2021-09-15 07:01:36 INFO  StatsInterceptor:25 - [preHandle][SecurityContextHolderAwareRequestWrapper[ org.springframework.security.web.header.HeaderWriterFilter$HeaderWriterRequest@4f19ef05]][GET][/js/jquery-3.3.1.min.js]
2021-09-15 07:01:36 INFO  StatsInterceptor:25 - [preHandle][SecurityContextHolderAwareRequestWrapper[ org.springframework.security.web.header.HeaderWriterFilter$HeaderWriterRequest@8a28e4f]][GET][/css/style.css]
2021-09-15 07:01:36 INFO  StatsInterceptor:25 - [preHandle][SecurityContextHolderAwareRequestWrapper[ org.springframework.security.web.header.HeaderWriterFilter$HeaderWriterRequest@3fc837b7]][GET][/js/script.js]
2021-09-15 07:01:36 INFO  StatsInterceptor:25 - [preHandle][SecurityContextHolderAwareRequestWrapper[ org.springframework.security.web.header.HeaderWriterFilter$HeaderWriterRequest@6c0749b6]][GET][/js/bootstrap.min.js]
2021-09-15 07:01:40 INFO  StatsInterceptor:25 - [preHandle][SecurityContextHolderAwareRequestWrapper[ org.springframework.security.web.header.HeaderWriterFilter$HeaderWriterRequest@226e0cf4]][GET][/items/all/pageable]
2021-09-15 07:01:40 INFO  StatsInterceptor:25 - [preHandle][SecurityContextHolderAwareRequestWrapper[ org.springframework.security.web.header.HeaderWriterFilter$HeaderWriterRequest@275d0a0b]][GET][/css/reset.css]
2021-09-15 07:01:40 INFO  StatsInterceptor:25 - [preHandle][SecurityContextHolderAwareRequestWrapper[ org.springframework.security.web.header.HeaderWriterFilter$HeaderWriterRequest@3afe59a7]][GET][/css/bootstrap.min.css]
2021-09-15 07:01:40 INFO  StatsInterceptor:25 - [preHandle][SecurityContextHolderAwareRequestWrapper[ org.springframework.security.web.header.HeaderWriterFilter$HeaderWriterRequest@6146cd63]][GET][/css/style.css]
2021-09-15 07:01:40 INFO  StatsInterceptor:25 - [preHandle][SecurityContextHolderAwareRequestWrapper[ org.springframework.security.web.header.HeaderWriterFilter$HeaderWriterRequest@79e6856e]][GET][/js/jquery-3.3.1.min.js]
2021-09-15 07:01:40 INFO  StatsInterceptor:25 - [preHandle][SecurityContextHolderAwareRequestWrapper[ org.springframework.security.web.header.HeaderWriterFilter$HeaderWriterRequest@3cdcffd3]][GET][/js/bootstrap.min.js]
2021-09-15 07:01:40 INFO  StatsInterceptor:25 - [preHandle][SecurityContextHolderAwareRequestWrapper[ org.springframework.security.web.header.HeaderWriterFilter$HeaderWriterRequest@43a5862a]][GET][/js/script.js]
2021-09-15 07:01:45 INFO  StatsInterceptor:25 - [preHandle][SecurityContextHolderAwareRequestWrapper[ org.springframework.security.web.header.HeaderWriterFilter$HeaderWriterRequest@4ea7854]][GET][/items/edit/]
2021-09-15 07:01:45 INFO  StatsInterceptor:25 - [preHandle][SecurityContextHolderAwareRequestWrapper[ org.springframework.security.web.header.HeaderWriterFilter$HeaderWriterRequest@75fe13bd]][GET][/css/reset.css]
2021-09-15 07:01:45 INFO  StatsInterceptor:25 - [preHandle][SecurityContextHolderAwareRequestWrapper[ org.springframework.security.web.header.HeaderWriterFilter$HeaderWriterRequest@6b1e9b22]][GET][/css/bootstrap.min.css]
2021-09-15 07:01:45 INFO  StatsInterceptor:25 - [preHandle][SecurityContextHolderAwareRequestWrapper[ org.springframework.security.web.header.HeaderWriterFilter$HeaderWriterRequest@59f025d0]][GET][/js/jquery-3.3.1.min.js]
2021-09-15 07:01:45 INFO  StatsInterceptor:25 - [preHandle][SecurityContextHolderAwareRequestWrapper[ org.springframework.security.web.header.HeaderWriterFilter$HeaderWriterRequest@722b2a74]][GET][/css/style.css]
2021-09-15 07:01:45 INFO  StatsInterceptor:25 - [preHandle][SecurityContextHolderAwareRequestWrapper[ org.springframework.security.web.header.HeaderWriterFilter$HeaderWriterRequest@3ae56c2f]][GET][/js/bootstrap.min.js]
2021-09-15 07:01:45 INFO  StatsInterceptor:25 - [preHandle][SecurityContextHolderAwareRequestWrapper[ org.springframework.security.web.header.HeaderWriterFilter$HeaderWriterRequest@74eb376e]][GET][/js/script.js]
2021-09-15 07:01:56 INFO  StatsInterceptor:25 - [preHandle][org.springframework.web.multipart.support.StandardMultipartHttpServletRequest@50014edd][PATCH][/items/edit]
2021-09-15 07:01:57 INFO  StatsInterceptor:25 - [preHandle][SecurityContextHolderAwareRequestWrapper[ org.springframework.security.web.header.HeaderWriterFilter$HeaderWriterRequest@15b589bf]][GET][/items/all/pageable]
2021-09-15 07:01:57 INFO  StatsInterceptor:25 - [preHandle][SecurityContextHolderAwareRequestWrapper[ org.springframework.security.web.header.HeaderWriterFilter$HeaderWriterRequest@76d1645e]][GET][/css/reset.css]
2021-09-15 07:01:57 INFO  StatsInterceptor:25 - [preHandle][SecurityContextHolderAwareRequestWrapper[ org.springframework.security.web.header.HeaderWriterFilter$HeaderWriterRequest@3c780f6]][GET][/css/bootstrap.min.css]
2021-09-15 07:01:57 INFO  StatsInterceptor:25 - [preHandle][SecurityContextHolderAwareRequestWrapper[ org.springframework.security.web.header.HeaderWriterFilter$HeaderWriterRequest@10b62aa6]][GET][/css/style.css]
2021-09-15 07:01:57 INFO  StatsInterceptor:25 - [preHandle][SecurityContextHolderAwareRequestWrapper[ org.springframework.security.web.header.HeaderWriterFilter$HeaderWriterRequest@364a19f6]][GET][/js/bootstrap.min.js]
2021-09-15 07:01:57 INFO  StatsInterceptor:25 - [preHandle][SecurityContextHolderAwareRequestWrapper[ org.springframework.security.web.header.HeaderWriterFilter$HeaderWriterRequest@aa3589e]][GET][/js/jquery-3.3.1.min.js]
2021-09-15 07:01:57 INFO  StatsInterceptor:25 - [preHandle][SecurityContextHolderAwareRequestWrapper[ org.springframework.security.web.header.HeaderWriterFilter$HeaderWriterRequest@6ef894d0]][GET][/js/script.js]
2021-09-15 07:03:45 INFO  StatsInterceptor:25 - [preHandle][SecurityContextHolderAwareRequestWrapper[ org.springframework.security.web.header.HeaderWriterFilter$HeaderWriterRequest@491f4225]][GET][/items/edit/]
2021-09-15 07:03:45 INFO  StatsInterceptor:25 - [preHandle][SecurityContextHolderAwareRequestWrapper[ org.springframework.security.web.header.HeaderWriterFilter$HeaderWriterRequest@1fcc78b1]][GET][/css/reset.css]
2021-09-15 07:03:45 INFO  StatsInterceptor:25 - [preHandle][SecurityContextHolderAwareRequestWrapper[ org.springframework.security.web.header.HeaderWriterFilter$HeaderWriterRequest@348e9fd1]][GET][/css/bootstrap.min.css]
2021-09-15 07:03:45 INFO  StatsInterceptor:25 - [preHandle][SecurityContextHolderAwareRequestWrapper[ org.springframework.security.web.header.HeaderWriterFilter$HeaderWriterRequest@655dc257]][GET][/css/style.css]
2021-09-15 07:03:45 INFO  StatsInterceptor:25 - [preHandle][SecurityContextHolderAwareRequestWrapper[ org.springframework.security.web.header.HeaderWriterFilter$HeaderWriterRequest@4e56b697]][GET][/js/script.js]
2021-09-15 07:03:45 INFO  StatsInterceptor:25 - [preHandle][SecurityContextHolderAwareRequestWrapper[ org.springframework.security.web.header.HeaderWriterFilter$HeaderWriterRequest@1ffcb45d]][GET][/js/bootstrap.min.js]
2021-09-15 07:03:45 INFO  StatsInterceptor:25 - [preHandle][SecurityContextHolderAwareRequestWrapper[ org.springframework.security.web.header.HeaderWriterFilter$HeaderWriterRequest@414f4c39]][GET][/js/jquery-3.3.1.min.js]
2021-09-15 07:03:52 INFO  StatsInterceptor:25 - [preHandle][org.springframework.web.multipart.support.StandardMultipartHttpServletRequest@26fafe55][PATCH][/items/edit]
2021-09-15 07:03:53 INFO  StatsInterceptor:25 - [preHandle][SecurityContextHolderAwareRequestWrapper[ org.springframework.security.web.header.HeaderWriterFilter$HeaderWriterRequest@c52c13]][GET][/items/all/pageable]
2021-09-15 07:03:53 INFO  StatsInterceptor:25 - [preHandle][SecurityContextHolderAwareRequestWrapper[ org.springframework.security.web.header.HeaderWriterFilter$HeaderWriterRequest@65194153]][GET][/css/reset.css]
2021-09-15 07:03:53 INFO  StatsInterceptor:25 - [preHandle][SecurityContextHolderAwareRequestWrapper[ org.springframework.security.web.header.HeaderWriterFilter$HeaderWriterRequest@5541062b]][GET][/css/bootstrap.min.css]
2021-09-15 07:03:53 INFO  StatsInterceptor:25 - [preHandle][SecurityContextHolderAwareRequestWrapper[ org.springframework.security.web.header.HeaderWriterFilter$HeaderWriterRequest@38fd4977]][GET][/js/bootstrap.min.js]
2021-09-15 07:03:53 INFO  StatsInterceptor:25 - [preHandle][SecurityContextHolderAwareRequestWrapper[ org.springframework.security.web.header.HeaderWriterFilter$HeaderWriterRequest@661cfd82]][GET][/js/script.js]
2021-09-15 07:03:53 INFO  StatsInterceptor:25 - [preHandle][SecurityContextHolderAwareRequestWrapper[ org.springframework.security.web.header.HeaderWriterFilter$HeaderWriterRequest@3ecaa192]][GET][/js/jquery-3.3.1.min.js]
2021-09-15 07:03:53 INFO  StatsInterceptor:25 - [preHandle][SecurityContextHolderAwareRequestWrapper[ org.springframework.security.web.header.HeaderWriterFilter$HeaderWriterRequest@6fd4c60f]][GET][/css/style.css]
2021-09-15 07:20:05 INFO  StatsInterceptor:25 - [preHandle][SecurityContextHolderAwareRequestWrapper[ org.springframework.security.web.savedrequest.SavedRequestAwareWrapper@2d7da700]][GET][/]
2021-09-15 07:20:06 INFO  StatsInterceptor:25 - [preHandle][SecurityContextHolderAwareRequestWrapper[ org.springframework.security.web.header.HeaderWriterFilter$HeaderWriterRequest@10c771fd]][GET][/css/reset.css]
2021-09-15 07:20:06 INFO  StatsInterceptor:25 - [preHandle][SecurityContextHolderAwareRequestWrapper[ org.springframework.security.web.header.HeaderWriterFilter$HeaderWriterRequest@333f0b0c]][GET][/css/bootstrap.min.css]
2021-09-15 07:20:06 INFO  StatsInterceptor:25 - [preHandle][SecurityContextHolderAwareRequestWrapper[ org.springframework.security.web.header.HeaderWriterFilter$HeaderWriterRequest@7479b178]][GET][/js/bootstrap.min.js]
2021-09-15 07:20:06 INFO  StatsInterceptor:25 - [preHandle][SecurityContextHolderAwareRequestWrapper[ org.springframework.security.web.header.HeaderWriterFilter$HeaderWriterRequest@75c35432]][GET][/js/script.js]
2021-09-15 07:20:06 INFO  StatsInterceptor:25 - [preHandle][SecurityContextHolderAwareRequestWrapper[ org.springframework.security.web.header.HeaderWriterFilter$HeaderWriterRequest@5474623]][GET][/js/jquery-3.3.1.min.js]
2021-09-15 07:20:06 INFO  StatsInterceptor:25 - [preHandle][SecurityContextHolderAwareRequestWrapper[ org.springframework.security.web.header.HeaderWriterFilter$HeaderWriterRequest@71bc3c83]][GET][/css/style.css]
2021-09-15 07:22:54 INFO  StatsInterceptor:25 - [preHandle][SecurityContextHolderAwareRequestWrapper[ org.springframework.security.web.header.HeaderWriterFilter$HeaderWriterRequest@7f3b3f42]][GET][/]
2021-09-15 07:22:54 INFO  StatsInterceptor:25 - [preHandle][SecurityContextHolderAwareRequestWrapper[ org.springframework.security.web.header.HeaderWriterFilter$HeaderWriterRequest@7b4457f3]][GET][/css/reset.css]
2021-09-15 07:22:54 INFO  StatsInterceptor:25 - [preHandle][SecurityContextHolderAwareRequestWrapper[ org.springframework.security.web.header.HeaderWriterFilter$HeaderWriterRequest@7e81da08]][GET][/css/bootstrap.min.css]
2021-09-15 07:22:54 INFO  StatsInterceptor:25 - [preHandle][SecurityContextHolderAwareRequestWrapper[ org.springframework.security.web.header.HeaderWriterFilter$HeaderWriterRequest@fbf2d53]][GET][/css/style.css]
2021-09-15 07:22:54 INFO  StatsInterceptor:25 - [preHandle][SecurityContextHolderAwareRequestWrapper[ org.springframework.security.web.header.HeaderWriterFilter$HeaderWriterRequest@1a3f1a8d]][GET][/js/script.js]
2021-09-15 07:22:54 INFO  StatsInterceptor:25 - [preHandle][SecurityContextHolderAwareRequestWrapper[ org.springframework.security.web.header.HeaderWriterFilter$HeaderWriterRequest@39c7607c]][GET][/js/bootstrap.min.js]
2021-09-15 07:22:54 INFO  StatsInterceptor:25 - [preHandle][SecurityContextHolderAwareRequestWrapper[ org.springframework.security.web.header.HeaderWriterFilter$HeaderWriterRequest@3955f1ad]][GET][/js/jquery-3.3.1.min.js]
